{"/Users/segamiken/Code/leetcode/src/two-sum.ts": {"path":"/Users/segamiken/Code/leetcode/src/two-sum.ts","statementMap":{"0":{"start":{"line":2,"column":2},"end":{"line":8,"column":null}},"1":{"start":{"line":2,"column":15},"end":{"line":2,"column":16}},"2":{"start":{"line":3,"column":4},"end":{"line":7,"column":null}},"3":{"start":{"line":3,"column":17},"end":{"line":3,"column":22}},"4":{"start":{"line":4,"column":6},"end":{"line":6,"column":null}},"5":{"start":{"line":5,"column":8},"end":{"line":5,"column":22}},"6":{"start":{"line":1,"column":0},"end":{"line":1,"column":16}}},"fnMap":{"0":{"name":"twoSum","decl":{"start":{"line":1,"column":16},"end":{"line":1,"column":22}},"loc":{"start":{"line":1,"column":53},"end":{"line":9,"column":1}}}},"branchMap":{"0":{"loc":{"start":{"line":4,"column":6},"end":{"line":6,"column":null}},"type":"if","locations":[{"start":{"line":4,"column":6},"end":{"line":6,"column":null}}]}},"s":{"0":4,"1":4,"2":6,"3":6,"4":8,"5":4,"6":1},"f":{"0":4},"b":{"0":[4]}}
}
