{"/Users/segamiken/Code/leetcode/src/two-sum.ts": {"path":"/Users/segamiken/Code/leetcode/src/two-sum.ts","statementMap":{"0":{"start":{"line":2,"column":4},"end":{"line":8,"column":null}},"1":{"start":{"line":2,"column":17},"end":{"line":2,"column":18}},"2":{"start":{"line":3,"column":8},"end":{"line":7,"column":null}},"3":{"start":{"line":3,"column":21},"end":{"line":3,"column":26}},"4":{"start":{"line":4,"column":12},"end":{"line":6,"column":null}},"5":{"start":{"line":5,"column":16},"end":{"line":5,"column":30}},"6":{"start":{"line":1,"column":0},"end":{"line":1,"column":16}}},"fnMap":{"0":{"name":"twoSum","decl":{"start":{"line":1,"column":16},"end":{"line":1,"column":22}},"loc":{"start":{"line":1,"column":53},"end":{"line":9,"column":1}}}},"branchMap":{"0":{"loc":{"start":{"line":4,"column":12},"end":{"line":6,"column":null}},"type":"if","locations":[{"start":{"line":4,"column":12},"end":{"line":6,"column":null}}]}},"s":{"0":2,"1":2,"2":3,"3":3,"4":4,"5":2,"6":1},"f":{"0":2},"b":{"0":[2]}}
}
